|SourceProjectName:mbacase TMS.hpr
|DestinationProjectName:index.html
whutils.js
whver.js
whmozemu.js
wf_startpage.js
whtopic.js
whskin_tw.htm
wf_frames.js
wf_master.js
wf_dispatcher.js
wf_dispatcher.vbs
wf_startfs.htm
wf_bottom.htm
wf_contentfs.htm
wf_comm.htm
wf_hiddenfs.htm
wf_flashinstall.htm
wf_flashupgrade.htm
wf_related.htm
wf_checkflash.htm
wf_toolbar.htm
wf_navbar.htm
wf_navframe.htm
wf_navpane.htm
wf_master.htm
wf_skin.htm
wf_poweredby.htm
wfres.xml
wf_njs.htm
wf_pickup.htm
wf_blank.htm
wf_master.swf
wf_toolbar.swf
wf_navbar.swf
wf_navpane.swf
wf_skin.swf
wf_param_passer.swf
wf_poweredby.swf
wf_detectFlash.swf
wf_waitv6.swf
FlashHelp_Components.swf
FlashHelp_Tooltip_Component.swf
wf_related.swf
wf_toc.swf
wf_tocui.swf
wf_tocxml.swf
wf_index.swf
wf_indexui.swf
wf_indexxml.swf
wf_glossary.swf
wf_glossaryui.swf
wf_glossaryxml.swf
wf_search.swf
wf_searchui.swf
wf_searchxml.swf
wf_system_stock_aboutbox.swf
wf_system_stock_poweredby.swf
wf_flash_get.gif
wf_favicon.ico
wf_topics.css
whproj.xml
whxdata\whtoc.xml
whxdata\whidx.xml
whxdata\whfts.xml
whxdata\whglo.xml
whgdata\whnvp30.htm
whgdata\whnvp31.htm
whgdata\whnvp32.htm
whgdata\whnvp33.htm
whgdata\whnvt30.htm
whgdata\whnvt31.htm
whgdata\whnvt32.htm
whgdata\whnvt33.htm
whgdata\whnvf30.htm
whgdata\whnvf31.htm
whgdata\whnvf32.htm
whgdata\whnvf33.htm
whgdata\whnvl31.htm
whgdata\whnvl32.htm
whgdata\whnvl33.htm
whgdata\whexpbar.gif
cshdat_webhelp.htm
whcsh_home.htm
whcshdata.htm
wht_tab0.gif
wht_tab1.gif
wht_tab2.gif
wht_tab3.gif
wht_tab4.gif
wht_tab5.gif
wht_tab6.gif
wht_tab7.gif
wht_tab8.gif
wht_toc1.gif
wht_toc2.gif
wht_toc3.gif
wht_toc4.gif
Ice.fhs
skin_background_tb.swf
skin_button_tb_toc.swf
skin_button_tb_index.swf
skin_button_tb_search.swf
skin_button_tb_glossary.swf
skin_button_tb_print.swf
skin_textfield.swf
skin_button_tb_poweredby.swf
skin_aboutbox.swf
skin_background_nav.swf
skin_button_nav_previous.swf
skin_button_nav_next.swf
skin_button_nav_sync.swf
skin_button_nav_close.swf
skin_background_navpane.swf
skin_textnode.swf
skin_toc.swf
skin_index.swf
skin_search.swf
skin_glossary.swf
skin_scrollbar.swf
wht_toc4_1.gif
wht_toc1_1.gif
wht_toc2_1.gif
wht_toc3_1.gif
cws_pnbtn0_1.gif
cws_pnbtn1_1.gif
index_hha.hhk
index.hhc
index.hhk
Accesando_la_Ayuda_T.M.S.htm
Agregar_un_seguimiento_administrativo.htm
Bienvenidos_a_Nuestro_Producto.htm
Buscando_informaci_n_en_la_Ayuda.htm
Configurando_por_primera_vez_el_T.M.S..htm
Creando_los_contactos_de_la_cuenta.htm
Creando_una_compa__a_desde_CERO.htm
Creando_una_cuenta_nueva_(Sospechoso).htm
Creando_una_oportunidad_desde_CERO.htm
Departamento_de_Ventas.htm
Descripci_n_de_Iconos.htm
Exportando_contacto.htm
Imprimiendo_la_Ayuda.htm
Iniciando_el_uso_del_programa_T.M.S..htm
Licencia_de_Uso.htm
Men__Agenda.htm
Men__Buscar.htm
Men__Preferencias.htm
Men__Reportes.htm
Miembros_del_Proyecto.htm
Mis_gestiones_administrativas.htm
Mis_Tareas.htm
Movi_ndonos_dentro_de_la_Ayuda.htm
Navegando_en_el_Producto2.htm
Obteniendo_Ayuda.htm
Oficinas_Corporativas.htm
Personalizando_el_Producto.htm
Preguntas_frecuentes.htm
Que_tiene_de_nuevo__ste_release_de_T.M.S...htm
Requerimientos_del_Sistema.htm
Soporte_T_cnico.htm
Usando_mi_T.M.S._por_Primera_Vez.htm
eHelp.xml
RoboHHRE.lng
index.glo
pantallas\VER02.gif
pantallas\pop_tarea.gif
pantallas\bot_quitar_sitio.gif
pantallas\clientes.gif
pantallas\agenda03.gif
pantallas\ver03.gif
pantallas\BOT_EDITAR02.gif
pantallas\ejecutar.gif
pantallas\severidad.gif
pantallas\agregar_tickets.gif
pantallas\pop_tipotarea.gif
pantallas\estado.gif
pantallas\calendario.gif
bot_ayuda.gif
pantallas\barra_botones1.gif
pantallas\VER.gif
pantallas\pop_tarea_predecesora.gif
pantallas\cobros.gif
pantallas\busqueda.gif
pantallas\tipo_proyecto.gif
pantallas\bot_cerrar02.gif
pantallas\editar_evento.gif
pantallas\bot_copiar02.gif
pantallas\check_sel.gif
Pencil.gif
pantallas\pop_organizacion.gif
pantallas\reporte.gif
pantallas\costos.gif
pantallas\tarifas.gif
pantallas\barra_botones02.gif
pantallas\pantalla_principal_tms.gif
pantallas\agendar02.gif
fecha_roja.gif
pantallas\editar_empresa.gif
pantallas\indio.gif
pantallas\rendimiento02.gif
pantallas\equipo02.gif
pantallas\equipo.gif
pantallas\pop_comentarios.gif
pantallas\agregar_tarea.gif
pantallas\bot_ver02.gif
pantallas\pop_estado05.gif
pantallas\agregar_miembro.gif
pantallas\botonera.gif
pantallas\tabla_probabilidad.gif
pantallas\pop_estado06.gif
pantallas\agregar_proyecto.gif
pantallas\pant_principal_proyecto.gif
pantallas\pantalla_inicio.gif
pantallas\cotizaciones.gif
pantallas\propagar_cambio.gif
pantallas\dos_puntos.gif
pantallas\pop_asignadoa.gif
pantallas\bot_mostrar_todo.gif
pantallas\bot_agregar_sitio.gif
pantallas\barra_botones.gif
pantallas\tareas01.gif
pantallas\pop_empresa.gif
pantallas\pop_due_o.gif
pantallas\pantalla_principal_ingreso.gif
pantallas\clave_paso.gif
pantallas\agendar.gif
pantallas\indio2.gif
pantallas\agregar_contenido.gif
pantallas\agregar_riesgos.gif
pantallas\estado_proyecto.gif
pantallas\pop_pais.gif
pantallas\tipos_tarea.gif
pantallas\informacion_sistema.gif
pantallas\bot_agregar.gif
pantallas\indio3.gif
pantallas\RENIMIENTO.gif
pantallas\miermbros.gif
pantallas\contenido.gif
pantallas\check.gif
pantallas\pop_prioridad.gif
pantallas\proyecto02.gif
pantallas\riesgos.gif
pantallas\bot_eliminar02.gif
pantallas\cliente03.gif
pantallas\bot_finalizado.gif
pantallas\indio5.gif
pantallas\indio_apache2.gif
pantallas\indio_apache.gif
pantallas\bot_trasladar02.gif
pantallas\tarea02.gif
pantallas\agregar_costos.gif
pantallas\cliente04.gif
CHECK.gif
pantallas\indio_apache3.gif
pantallas\VER_CARGA.gif
pantallas\tarea03.gif
pantallas\pant_proyecto.gif
pantallas\excel.gif
pantallas\busqueda02.gif
pantallas\asignado_a.gif
pantallas\bot_en_proceso.gif
pantallas\indio_apache4.gif
pantallas\carga.gif
pantallas\nivel_impacto.gif
pantallas\comp29_1_.gif
pantallas\agregar_tipo_tarea.gif
pantallas\indexacion.gif
pantallas\guardar.gif
pantallas\clientes02.gif
pantallas\prioridad.gif
Logo_Pymes.jpg
ehlpdhtm.js
ss_btn_temas_relacionados.gif
Creando_una_cuenta_nueva_(Sospechoso)_text0.htm
Creando_una_cuenta_nueva_(Sospechoso)_text1.htm
Usando_mi_T.M.S._por_Primera_Vez_text0.htm
whxdata\whtdata0.xml
whxdata\whidata0.xml
whxdata\whftdata0.xml
whxdata\whfwdata0.xml
whxdata\whfwdata1.xml
whxdata\whfwdata2.xml
whxdata\whfwdata3.xml
whxdata\whfwdata4.xml
whxdata\whfwdata5.xml
whxdata\whfwdata6.xml
whxdata\whgdata0.xml
whgdata\whlstt0.htm
whgdata\whlstt1.htm
whgdata\whlstt2.htm
whgdata\whlstt3.htm
whgdata\whlstt4.htm
whgdata\whlstt5.htm
whgdata\whlsti0.htm
whgdata\whlstfl0.htm
whgdata\whlstfl1.htm
whgdata\whlstfl2.htm
whgdata\whlstfl3.htm
whgdata\whlstfl4.htm
whgdata\whlstfl5.htm
whgdata\whlstfl6.htm
whgdata\whlstfl7.htm
whgdata\whlstfl8.htm
whgdata\whlstfl9.htm
whgdata\whlstfl10.htm
whgdata\whlstfl11.htm
whgdata\whlstfl12.htm
whgdata\whlstfl13.htm
whgdata\whlstfl14.htm
whgdata\whlstfl15.htm
whgdata\whlstfl16.htm
whgdata\whlstfl17.htm
whgdata\whlstfl18.htm
whgdata\whlstfl19.htm
whgdata\whlstf0.htm
whgdata\whlstf1.htm
whgdata\whlstf2.htm
whgdata\whlstf3.htm
whgdata\whlstf4.htm
whgdata\whlstf5.htm
whgdata\whlstf6.htm
whgdata\whlstf7.htm
whgdata\whlstf8.htm
whgdata\whlstf9.htm
whgdata\whlstf10.htm
whgdata\whlstf11.htm
whgdata\whlstg0.htm
index.html
index_csh.html
